[debug] [2021-10-19T09:08:01.771Z] ----------------------------------------------------------------------
[debug] [2021-10-19T09:08:01.775Z] Command:       C:\Program Files\nodejs\node.exe C:\Users\ASUS\AppData\Roaming\npm\node_modules\firebase-tools\lib\bin\firebase.js deploy
[debug] [2021-10-19T09:08:01.776Z] CLI Version:   9.20.0
[debug] [2021-10-19T09:08:01.776Z] Platform:      win32
[debug] [2021-10-19T09:08:01.776Z] Node Version:  v14.17.6
[debug] [2021-10-19T09:08:01.858Z] Time:          Tue Oct 19 2021 15:08:01 GMT+0600 (Bangladesh Standard Time)
[debug] [2021-10-19T09:08:01.858Z] ----------------------------------------------------------------------
[debug] 
[debug] [2021-10-19T09:08:02.024Z] > command requires scopes: ["email","openid","https://www.googleapis.com/auth/cloudplatformprojects.readonly","https://www.googleapis.com/auth/firebase","https://www.googleapis.com/auth/cloud-platform"]
[debug] [2021-10-19T09:08:02.025Z] > authorizing via signed-in user (akalamazad500@gmail.com)
[debug] [2021-10-19T09:08:02.025Z] [iam] checking project healthcare-center-b7049 for permissions ["firebase.projects.get","firebasehosting.sites.update"]
[debug] [2021-10-19T09:08:02.031Z] >>> HTTP REQUEST POST https://cloudresourcemanager.googleapis.com/v1/projects/healthcare-center-b7049:testIamPermissions  
 {"permissions":["firebase.projects.get","firebasehosting.sites.update"]}
[debug] [2021-10-19T09:08:03.672Z] <<< HTTP RESPONSE 200 {"content-type":"application/json; charset=UTF-8","vary":"X-Origin, Referer, Origin,Accept-Encoding","date":"Tue, 19 Oct 2021 09:08:02 GMT","server":"ESF","cache-control":"private","x-xss-protection":"0","x-frame-options":"SAMEORIGIN","x-content-type-options":"nosniff","server-timing":"gfet4t7; dur=1124","alt-svc":"h3=\":443\"; ma=2592000,h3-29=\":443\"; ma=2592000,h3-T051=\":443\"; ma=2592000,h3-Q050=\":443\"; ma=2592000,h3-Q046=\":443\"; ma=2592000,h3-Q043=\":443\"; ma=2592000,quic=\":443\"; ma=2592000; v=\"46,43\"","accept-ranges":"none","transfer-encoding":"chunked"}
[debug] [2021-10-19T09:08:03.680Z] > refreshing access token with scopes: []
[debug] [2021-10-19T09:08:03.680Z] >>> HTTP REQUEST POST https://www.googleapis.com/oauth2/v3/token  
 <request body omitted>
[debug] [2021-10-19T09:08:04.006Z] <<< HTTP RESPONSE 200 {"cache-control":"no-cache, no-store, max-age=0, must-revalidate","expires":"Mon, 01 Jan 1990 00:00:00 GMT","pragma":"no-cache","date":"Tue, 19 Oct 2021 09:08:02 GMT","content-type":"application/json; charset=utf-8","vary":"X-Origin, Referer, Origin,Accept-Encoding","server":"scaffolding on HTTPServer2","x-xss-protection":"0","x-frame-options":"SAMEORIGIN","x-content-type-options":"nosniff","alt-svc":"h3=\":443\"; ma=2592000,h3-29=\":443\"; ma=2592000,h3-T051=\":443\"; ma=2592000,h3-Q050=\":443\"; ma=2592000,h3-Q046=\":443\"; ma=2592000,h3-Q043=\":443\"; ma=2592000,quic=\":443\"; ma=2592000; v=\"46,43\"","accept-ranges":"none","transfer-encoding":"chunked"}
[debug] [2021-10-19T09:08:04.119Z] >>> [apiv2][query] GET https://firebase.googleapis.com/v1beta1/projects/healthcare-center-b7049 [none]
[debug] [2021-10-19T09:08:04.931Z] <<< [apiv2][status] GET https://firebase.googleapis.com/v1beta1/projects/healthcare-center-b7049 200
[debug] [2021-10-19T09:08:04.931Z] <<< [apiv2][body] GET https://firebase.googleapis.com/v1beta1/projects/healthcare-center-b7049 {"projectId":"healthcare-center-b7049","projectNumber":"690870288826","displayName":"healthcare-center","name":"projects/healthcare-center-b7049","resources":{"hostingSite":"healthcare-center-b7049"},"state":"ACTIVE"}
[info] 
[info] === Deploying to 'healthcare-center-b7049'...
[info] 
[info] i  deploying hosting 
[debug] [2021-10-19T09:08:04.952Z] > refreshing access token with scopes: ["email","https://www.googleapis.com/auth/cloud-platform","https://www.googleapis.com/auth/cloudplatformprojects.readonly","https://www.googleapis.com/auth/firebase","openid"]
[debug] [2021-10-19T09:08:04.952Z] >>> HTTP REQUEST POST https://www.googleapis.com/oauth2/v3/token  
 <request body omitted>
[debug] [2021-10-19T09:08:05.535Z] <<< HTTP RESPONSE 200 {"date":"Tue, 19 Oct 2021 09:08:04 GMT","cache-control":"no-cache, no-store, max-age=0, must-revalidate","pragma":"no-cache","expires":"Mon, 01 Jan 1990 00:00:00 GMT","content-type":"application/json; charset=utf-8","vary":"X-Origin, Referer, Origin,Accept-Encoding","server":"scaffolding on HTTPServer2","x-xss-protection":"0","x-frame-options":"SAMEORIGIN","x-content-type-options":"nosniff","alt-svc":"h3=\":443\"; ma=2592000,h3-29=\":443\"; ma=2592000,h3-T051=\":443\"; ma=2592000,h3-Q050=\":443\"; ma=2592000,h3-Q046=\":443\"; ma=2592000,h3-Q043=\":443\"; ma=2592000,quic=\":443\"; ma=2592000; v=\"46,43\"","accept-ranges":"none","transfer-encoding":"chunked"}
[debug] [2021-10-19T09:08:05.616Z] >>> HTTP REQUEST POST https://firebasehosting.googleapis.com/v1beta1/sites/healthcare-center-b7049/versions  
 {"config":{"rewrites":[{"glob":"**","path":"/index.html"}]},"labels":{"deployment-tool":"cli-firebase"}}
[debug] [2021-10-19T09:08:07.594Z] <<< HTTP RESPONSE 200 {"content-type":"application/json; charset=UTF-8","vary":"X-Origin, Referer, Origin,Accept-Encoding","date":"Tue, 19 Oct 2021 09:08:06 GMT","server":"ESF","cache-control":"private","x-xss-protection":"0","x-frame-options":"SAMEORIGIN","x-content-type-options":"nosniff","alt-svc":"h3=\":443\"; ma=2592000,h3-29=\":443\"; ma=2592000,h3-T051=\":443\"; ma=2592000,h3-Q050=\":443\"; ma=2592000,h3-Q046=\":443\"; ma=2592000,h3-Q043=\":443\"; ma=2592000,quic=\":443\"; ma=2592000; v=\"46,43\"","accept-ranges":"none","transfer-encoding":"chunked"}
[info] i  hosting[healthcare-center-b7049]: beginning deploy... 
[info] i  hosting[healthcare-center-b7049]: found 20 files in build 
[debug] [2021-10-19T09:08:07.940Z] > refreshing access token with scopes: []
[debug] [2021-10-19T09:08:07.940Z] >>> HTTP REQUEST POST https://www.googleapis.com/oauth2/v3/token  
 <request body omitted>
[debug] [2021-10-19T09:08:07.943Z] [hosting] hash cache [YnVpbGQ] stored for 20 files
[debug] [2021-10-19T09:08:07.943Z] [hosting][hash queue][FINAL] {"max":276,"min":6,"avg":35.8,"active":0,"complete":20,"success":20,"errored":0,"retried":0,"total":20,"elapsed":290}
[debug] [2021-10-19T09:08:08.244Z] <<< HTTP RESPONSE 200 {"cache-control":"no-cache, no-store, max-age=0, must-revalidate","pragma":"no-cache","date":"Tue, 19 Oct 2021 09:08:07 GMT","expires":"Mon, 01 Jan 1990 00:00:00 GMT","content-type":"application/json; charset=utf-8","vary":"X-Origin, Referer, Origin,Accept-Encoding","server":"scaffolding on HTTPServer2","x-xss-protection":"0","x-frame-options":"SAMEORIGIN","x-content-type-options":"nosniff","alt-svc":"h3=\":443\"; ma=2592000,h3-29=\":443\"; ma=2592000,h3-T051=\":443\"; ma=2592000,h3-Q050=\":443\"; ma=2592000,h3-Q046=\":443\"; ma=2592000,h3-Q043=\":443\"; ma=2592000,quic=\":443\"; ma=2592000; v=\"46,43\"","accept-ranges":"none","transfer-encoding":"chunked"}
[debug] [2021-10-19T09:08:08.323Z] >>> [apiv2][query] POST https://firebasehosting.googleapis.com/v1beta1/sites/healthcare-center-b7049/versions/a423ebe499fff417:populateFiles [none]
[debug] [2021-10-19T09:08:08.325Z] >>> [apiv2][body] POST https://firebasehosting.googleapis.com/v1beta1/sites/healthcare-center-b7049/versions/a423ebe499fff417:populateFiles {"files":{"/favicon.ico":"eae62e993eb980ec8a25058c39d5a51feab118bd2100c4deebb2a9c158ec11f9","/icon.png":"9993e489a98811c25f33d68734afa3d7d9627439f2ec3ddb7a024d4f7a13ca47","/logo192.png":"3ee59515172ee198f3be375979df15ac5345183e656720a381b8872b2a39dc8b","/logo512.png":"ee7e2f3fdb8209c4b6fd7bef6ba50d1b9dba30a25bb5c3126df057e1cb6f5331","/manifest.json":"aff3449bdc238776f5d6d967f19ec491b36aed5fb7f23ccff6500736fd58494a","/robots.txt":"bfe106a3fb878dc83461c86818bf74fc1bdc7f28538ba613cd3e775516ce8b49","/services.json":"9d2f04c7d5e63aac8885553454b30f0712c9fc453626c2cc001dc1368d763d4f","/asset-manifest.json":"dfbcf1eb57cc7fd56f0bb85e6da6cf68382fd8e9b9c088f6acf089cf54467ed0","/index.html":"7133063cd43ac78f920324222d9d14afea180cc43a5325a45cad5b8ad08a2b4b","/static/css/main.0659bc26.chunk.css":"a7a877a1f52930dc0ffe7bb639d26e303e123f43ee87923cb2d604e89b8990a4","/static/css/main.0659bc26.chunk.css.map":"feb856847f77993eaf01d5b218e56b86697746a63021573b309fe2e2a7723882","/static/js/2.4ea619ed.chunk.js.LICENSE.txt":"68b16697969801057d3e0deb105ae8509867a6ae2629d732d8100d885b17e4c5","/static/js/3.361fb077.chunk.js":"8aca48525c3429561f4d29bbbcaba7ab4ea63d3358875042718f3eea5b06447e","/static/js/3.361fb077.chunk.js.map":"39d45a759f6dc9f3866dbefdbbcf05e1a3fe55bf8a833a8ee851533c4ef3d363","/static/js/main.9fe7bb9b.chunk.js":"70796f0694df0ca2d827848d877d063e743d2537b0dbe8ce0a9a2f7c38cde406","/static/js/runtime-main.774cda6c.js":"804a243812b5fe651667c3a5b4c0a53367c69ea1324b83001dc7527f6d54d623","/static/js/runtime-main.774cda6c.js.map":"de3d96c5dcdbd5c05c85ae00b2e19569048f81a3df2a7aa5270c741e4e9f3608","/static/js/main.9fe7bb9b.chunk.js.map":"7364ca189c0c7ddda3ec4c323d8e3756430be7150782c6e1d4504c4f29b039d7","/static/js/2.4ea619ed.chunk.js":"807fba607822c24ff8488183366566c03f72036e776210c8f3725d7cea1ae99a","/static/js/2.4ea619ed.chunk.js.map":"97c0988d4187dba7c9eeffcb3f400633a998d82d7b225e95997674584207ec63"}}
[debug] [2021-10-19T09:08:10.009Z] <<< [apiv2][status] POST https://firebasehosting.googleapis.com/v1beta1/sites/healthcare-center-b7049/versions/a423ebe499fff417:populateFiles 200
[debug] [2021-10-19T09:08:10.010Z] <<< [apiv2][body] POST https://firebasehosting.googleapis.com/v1beta1/sites/healthcare-center-b7049/versions/a423ebe499fff417:populateFiles {"uploadRequiredHashes":["7133063cd43ac78f920324222d9d14afea180cc43a5325a45cad5b8ad08a2b4b","7364ca189c0c7ddda3ec4c323d8e3756430be7150782c6e1d4504c4f29b039d7","70796f0694df0ca2d827848d877d063e743d2537b0dbe8ce0a9a2f7c38cde406","dfbcf1eb57cc7fd56f0bb85e6da6cf68382fd8e9b9c088f6acf089cf54467ed0"],"uploadUrl":"https://upload-firebasehosting.googleapis.com/upload/sites/healthcare-center-b7049/versions/a423ebe499fff417/files"}
[debug] [2021-10-19T09:08:10.013Z] >>> [apiv2][query] POST https://upload-firebasehosting.googleapis.com/upload/sites/healthcare-center-b7049/versions/a423ebe499fff417/files/7133063cd43ac78f920324222d9d14afea180cc43a5325a45cad5b8ad08a2b4b [none]
[debug] [2021-10-19T09:08:10.013Z] >>> [apiv2][body] POST https://upload-firebasehosting.googleapis.com/upload/sites/healthcare-center-b7049/versions/a423ebe499fff417/files/7133063cd43ac78f920324222d9d14afea180cc43a5325a45cad5b8ad08a2b4b [stream]
[debug] [2021-10-19T09:08:10.018Z] >>> [apiv2][query] POST https://upload-firebasehosting.googleapis.com/upload/sites/healthcare-center-b7049/versions/a423ebe499fff417/files/7364ca189c0c7ddda3ec4c323d8e3756430be7150782c6e1d4504c4f29b039d7 [none]
[debug] [2021-10-19T09:08:10.018Z] >>> [apiv2][body] POST https://upload-firebasehosting.googleapis.com/upload/sites/healthcare-center-b7049/versions/a423ebe499fff417/files/7364ca189c0c7ddda3ec4c323d8e3756430be7150782c6e1d4504c4f29b039d7 [stream]
[debug] [2021-10-19T09:08:10.023Z] >>> [apiv2][query] POST https://upload-firebasehosting.googleapis.com/upload/sites/healthcare-center-b7049/versions/a423ebe499fff417/files/70796f0694df0ca2d827848d877d063e743d2537b0dbe8ce0a9a2f7c38cde406 [none]
[debug] [2021-10-19T09:08:10.023Z] >>> [apiv2][body] POST https://upload-firebasehosting.googleapis.com/upload/sites/healthcare-center-b7049/versions/a423ebe499fff417/files/70796f0694df0ca2d827848d877d063e743d2537b0dbe8ce0a9a2f7c38cde406 [stream]
[debug] [2021-10-19T09:08:10.025Z] >>> [apiv2][query] POST https://upload-firebasehosting.googleapis.com/upload/sites/healthcare-center-b7049/versions/a423ebe499fff417/files/dfbcf1eb57cc7fd56f0bb85e6da6cf68382fd8e9b9c088f6acf089cf54467ed0 [none]
[debug] [2021-10-19T09:08:10.026Z] >>> [apiv2][body] POST https://upload-firebasehosting.googleapis.com/upload/sites/healthcare-center-b7049/versions/a423ebe499fff417/files/dfbcf1eb57cc7fd56f0bb85e6da6cf68382fd8e9b9c088f6acf089cf54467ed0 [stream]
[debug] [2021-10-19T09:08:10.028Z] [hosting][populate queue][FINAL] {"max":2073,"min":2073,"avg":2073,"active":0,"complete":1,"success":1,"errored":0,"retried":0,"total":1,"elapsed":2088}
[debug] [2021-10-19T09:08:10.029Z] [hosting] uploads queued: 4
[debug] [2021-10-19T09:08:11.775Z] <<< [apiv2][status] POST https://upload-firebasehosting.googleapis.com/upload/sites/healthcare-center-b7049/versions/a423ebe499fff417/files/7133063cd43ac78f920324222d9d14afea180cc43a5325a45cad5b8ad08a2b4b 200
[debug] [2021-10-19T09:08:11.775Z] <<< [apiv2][body] POST https://upload-firebasehosting.googleapis.com/upload/sites/healthcare-center-b7049/versions/a423ebe499fff417/files/7133063cd43ac78f920324222d9d14afea180cc43a5325a45cad5b8ad08a2b4b [stream]
[debug] [2021-10-19T09:08:11.802Z] <<< [apiv2][status] POST https://upload-firebasehosting.googleapis.com/upload/sites/healthcare-center-b7049/versions/a423ebe499fff417/files/dfbcf1eb57cc7fd56f0bb85e6da6cf68382fd8e9b9c088f6acf089cf54467ed0 200
[debug] [2021-10-19T09:08:11.802Z] <<< [apiv2][body] POST https://upload-firebasehosting.googleapis.com/upload/sites/healthcare-center-b7049/versions/a423ebe499fff417/files/dfbcf1eb57cc7fd56f0bb85e6da6cf68382fd8e9b9c088f6acf089cf54467ed0 [stream]
[debug] [2021-10-19T09:08:13.000Z] <<< [apiv2][status] POST https://upload-firebasehosting.googleapis.com/upload/sites/healthcare-center-b7049/versions/a423ebe499fff417/files/7364ca189c0c7ddda3ec4c323d8e3756430be7150782c6e1d4504c4f29b039d7 200
[debug] [2021-10-19T09:08:13.001Z] <<< [apiv2][body] POST https://upload-firebasehosting.googleapis.com/upload/sites/healthcare-center-b7049/versions/a423ebe499fff417/files/7364ca189c0c7ddda3ec4c323d8e3756430be7150782c6e1d4504c4f29b039d7 [stream]
[debug] [2021-10-19T09:08:13.022Z] <<< [apiv2][status] POST https://upload-firebasehosting.googleapis.com/upload/sites/healthcare-center-b7049/versions/a423ebe499fff417/files/70796f0694df0ca2d827848d877d063e743d2537b0dbe8ce0a9a2f7c38cde406 200
[debug] [2021-10-19T09:08:13.022Z] <<< [apiv2][body] POST https://upload-firebasehosting.googleapis.com/upload/sites/healthcare-center-b7049/versions/a423ebe499fff417/files/70796f0694df0ca2d827848d877d063e743d2537b0dbe8ce0a9a2f7c38cde406 [stream]
[debug] [2021-10-19T09:08:13.023Z] [hosting][upload queue][FINAL] {"max":3011,"min":1766,"avg":2389.5,"active":0,"complete":4,"success":4,"errored":0,"retried":0,"total":4,"elapsed":3013}
[info] +  hosting[healthcare-center-b7049]: file upload complete 
[debug] [2021-10-19T09:08:13.027Z] [hosting] deploy completed after 5429ms
[debug] [2021-10-19T09:08:13.070Z] [
  {
    "config": {
      "public": "build",
      "rewrites": [
        {
          "source": "**",
          "destination": "/index.html"
        }
      ],
      "ignore": [
        "firebase.json",
        "**/.*",
        "**/node_modules/**"
      ],
      "site": "healthcare-center-b7049"
    },
    "site": "healthcare-center-b7049",
    "version": "sites/healthcare-center-b7049/versions/a423ebe499fff417"
  }
]
[info] i  hosting[healthcare-center-b7049]: finalizing version... 
[debug] [2021-10-19T09:08:13.074Z] > refreshing access token with scopes: ["email","https://www.googleapis.com/auth/cloud-platform","https://www.googleapis.com/auth/cloudplatformprojects.readonly","https://www.googleapis.com/auth/firebase","openid"]
[debug] [2021-10-19T09:08:13.075Z] >>> HTTP REQUEST POST https://www.googleapis.com/oauth2/v3/token  
 <request body omitted>
[debug] [2021-10-19T09:08:13.369Z] <<< HTTP RESPONSE 200 {"expires":"Mon, 01 Jan 1990 00:00:00 GMT","date":"Tue, 19 Oct 2021 09:08:12 GMT","cache-control":"no-cache, no-store, max-age=0, must-revalidate","pragma":"no-cache","content-type":"application/json; charset=utf-8","vary":"X-Origin, Referer, Origin,Accept-Encoding","server":"scaffolding on HTTPServer2","x-xss-protection":"0","x-frame-options":"SAMEORIGIN","x-content-type-options":"nosniff","alt-svc":"h3=\":443\"; ma=2592000,h3-29=\":443\"; ma=2592000,h3-T051=\":443\"; ma=2592000,h3-Q050=\":443\"; ma=2592000,h3-Q046=\":443\"; ma=2592000,h3-Q043=\":443\"; ma=2592000,quic=\":443\"; ma=2592000; v=\"46,43\"","accept-ranges":"none","transfer-encoding":"chunked"}
[debug] [2021-10-19T09:08:13.443Z] >>> HTTP REQUEST PATCH https://firebasehosting.googleapis.com/v1beta1/sites/healthcare-center-b7049/versions/a423ebe499fff417?updateMask=status  
 {"status":"FINALIZED"}
[debug] [2021-10-19T09:08:15.052Z] <<< HTTP RESPONSE 200 {"content-type":"application/json; charset=UTF-8","vary":"X-Origin, Referer, Origin,Accept-Encoding","date":"Tue, 19 Oct 2021 09:08:13 GMT","server":"ESF","cache-control":"private","x-xss-protection":"0","x-frame-options":"SAMEORIGIN","x-content-type-options":"nosniff","alt-svc":"h3=\":443\"; ma=2592000,h3-29=\":443\"; ma=2592000,h3-T051=\":443\"; ma=2592000,h3-Q050=\":443\"; ma=2592000,h3-Q046=\":443\"; ma=2592000,h3-Q043=\":443\"; ma=2592000,quic=\":443\"; ma=2592000; v=\"46,43\"","accept-ranges":"none","transfer-encoding":"chunked"}
[debug] [2021-10-19T09:08:15.054Z] [hosting] finalized version for healthcare-center-b7049: {"name":"sites/healthcare-center-b7049/versions/a423ebe499fff417","status":"FINALIZED","config":{"rewrites":[{"glob":"**","path":"/index.html"}]},"labels":{"deployment-tool":"cli-firebase"},"createTime":"2021-10-19T09:08:06.093880Z","createUser":{"email":"akalamazad500@gmail.com"},"finalizeTime":"2021-10-19T09:08:13.783764Z","finalizeUser":{"email":"akalamazad500@gmail.com"}}
[info] +  hosting[healthcare-center-b7049]: version finalized 
[info] i  hosting[healthcare-center-b7049]: releasing new version... 
[debug] [2021-10-19T09:08:15.059Z] >>> HTTP REQUEST POST https://firebasehosting.googleapis.com/v1beta1/sites/healthcare-center-b7049/releases?version_name=sites/healthcare-center-b7049/versions/a423ebe499fff417  
 {"message":null}
[debug] [2021-10-19T09:08:16.657Z] <<< HTTP RESPONSE 200 {"content-type":"application/json; charset=UTF-8","vary":"X-Origin, Referer, Origin,Accept-Encoding","date":"Tue, 19 Oct 2021 09:08:15 GMT","server":"ESF","cache-control":"private","x-xss-protection":"0","x-frame-options":"SAMEORIGIN","x-content-type-options":"nosniff","alt-svc":"h3=\":443\"; ma=2592000,h3-29=\":443\"; ma=2592000,h3-T051=\":443\"; ma=2592000,h3-Q050=\":443\"; ma=2592000,h3-Q046=\":443\"; ma=2592000,h3-Q043=\":443\"; ma=2592000,quic=\":443\"; ma=2592000; v=\"46,43\"","accept-ranges":"none","transfer-encoding":"chunked"}
[debug] [2021-10-19T09:08:16.658Z] [hosting] release: {"name":"sites/healthcare-center-b7049/releases/1634634494845749","version":{"name":"sites/healthcare-center-b7049/versions/a423ebe499fff417","status":"FINALIZED","config":{"rewrites":[{"glob":"**","path":"/index.html"}]},"labels":{"deployment-tool":"cli-firebase"},"createTime":"2021-10-19T09:08:06.093880Z","createUser":{"email":"akalamazad500@gmail.com"},"finalizeTime":"2021-10-19T09:08:13.783764Z","finalizeUser":{"email":"akalamazad500@gmail.com"}},"type":"DEPLOY","releaseTime":"2021-10-19T09:08:14.845749500Z","releaseUser":{"email":"akalamazad500@gmail.com"}}
[info] +  hosting[healthcare-center-b7049]: release complete 
[info] 
[info] +  Deploy complete! 
[info] 
[info] Project Console: https://console.firebase.google.com/project/healthcare-center-b7049/overview
[info] Hosting URL: https://healthcare-center-b7049.web.app
